{"/Users/benbarron/Desktop/express-oauth2-client/src/client.ts": {"path":"/Users/benbarron/Desktop/express-oauth2-client/src/client.ts","statementMap":{"0":{"start":{"line":1,"column":0},"end":{"line":1,"column":79}},"1":{"start":{"line":2,"column":0},"end":{"line":2,"column":61}},"2":{"start":{"line":3,"column":0},"end":{"line":3,"column":63}},"3":{"start":{"line":4,"column":0},"end":{"line":4,"column":68}},"4":{"start":{"line":7,"column":0},"end":{"line":7,"column":37}},"5":{"start":{"line":8,"column":0},"end":{"line":8,"column":32}},"6":{"start":{"line":10,"column":44},"end":{"line":14,"column":2}},"7":{"start":{"line":21,"column":4},"end":{"line":21,"column":19}},"8":{"start":{"line":22,"column":4},"end":{"line":22,"column":27}},"9":{"start":{"line":26,"column":4},"end":{"line":26,"column":40}},"10":{"start":{"line":27,"column":4},"end":{"line":27,"column":37}},"11":{"start":{"line":28,"column":4},"end":{"line":28,"column":47}},"12":{"start":{"line":29,"column":4},"end":{"line":29,"column":51}},"13":{"start":{"line":30,"column":4},"end":{"line":30,"column":52}},"14":{"start":{"line":31,"column":4},"end":{"line":31,"column":48}},"15":{"start":{"line":32,"column":4},"end":{"line":34,"column":6}},"16":{"start":{"line":33,"column":6},"end":{"line":33,"column":11}},"17":{"start":{"line":38,"column":4},"end":{"line":38,"column":32}},"18":{"start":{"line":38,"column":15},"end":{"line":38,"column":32}},"19":{"start":{"line":39,"column":4},"end":{"line":39,"column":33}},"20":{"start":{"line":43,"column":4},"end":{"line":43,"column":21}},"21":{"start":{"line":47,"column":4},"end":{"line":47,"column":28}},"22":{"start":{"line":51,"column":4},"end":{"line":51,"column":30}},"23":{"start":{"line":55,"column":4},"end":{"line":59,"column":6}},"24":{"start":{"line":56,"column":6},"end":{"line":56,"column":42}},"25":{"start":{"line":57,"column":6},"end":{"line":57,"column":64}},"26":{"start":{"line":58,"column":6},"end":{"line":58,"column":13}},"27":{"start":{"line":63,"column":15},"end":{"line":65,"column":5}},"28":{"start":{"line":64,"column":6},"end":{"line":64,"column":26}},"29":{"start":{"line":66,"column":4},"end":{"line":74,"column":null}},"30":{"start":{"line":67,"column":36},"end":{"line":72,"column":8}},"31":{"start":{"line":73,"column":6},"end":{"line":73,"column":66}},"32":{"start":{"line":75,"column":4},"end":{"line":83,"column":null}},"33":{"start":{"line":76,"column":36},"end":{"line":81,"column":8}},"34":{"start":{"line":82,"column":6},"end":{"line":82,"column":66}},"35":{"start":{"line":84,"column":4},"end":{"line":93,"column":null}},"36":{"start":{"line":85,"column":37},"end":{"line":91,"column":8}},"37":{"start":{"line":92,"column":6},"end":{"line":92,"column":68}},"38":{"start":{"line":97,"column":19},"end":{"line":97,"column":27}},"39":{"start":{"line":98,"column":21},"end":{"line":100,"column":5}},"40":{"start":{"line":99,"column":6},"end":{"line":99,"column":36}},"41":{"start":{"line":101,"column":4},"end":{"line":104,"column":7}},"42":{"start":{"line":102,"column":6},"end":{"line":102,"column":72}},"43":{"start":{"line":103,"column":6},"end":{"line":103,"column":85}},"44":{"start":{"line":105,"column":4},"end":{"line":105,"column":36}},"45":{"start":{"line":16,"column":0},"end":{"line":16,"column":13}},"46":{"start":{"line":109,"column":0},"end":{"line":109,"column":35}}},"fnMap":{"0":{"name":"(anonymous_1)","decl":{"start":{"line":20,"column":2},"end":{"line":20,"column":14}},"loc":{"start":{"line":20,"column":77},"end":{"line":23,"column":3}}},"1":{"name":"(anonymous_2)","decl":{"start":{"line":25,"column":9},"end":{"line":25,"column":19}},"loc":{"start":{"line":25,"column":19},"end":{"line":35,"column":3}}},"2":{"name":"(anonymous_3)","decl":{"start":{"line":32,"column":11},"end":{"line":32,"column":12}},"loc":{"start":{"line":32,"column":61},"end":{"line":34,"column":5}}},"3":{"name":"(anonymous_4)","decl":{"start":{"line":37,"column":10},"end":{"line":37,"column":23}},"loc":{"start":{"line":37,"column":44},"end":{"line":40,"column":3}}},"4":{"name":"(anonymous_5)","decl":{"start":{"line":42,"column":10},"end":{"line":42,"column":25}},"loc":{"start":{"line":42,"column":80},"end":{"line":44,"column":3}}},"5":{"name":"(anonymous_6)","decl":{"start":{"line":46,"column":9},"end":{"line":46,"column":26}},"loc":{"start":{"line":46,"column":94},"end":{"line":48,"column":3}}},"6":{"name":"(anonymous_7)","decl":{"start":{"line":50,"column":9},"end":{"line":50,"column":28}},"loc":{"start":{"line":50,"column":96},"end":{"line":52,"column":3}}},"7":{"name":"(anonymous_8)","decl":{"start":{"line":54,"column":9},"end":{"line":54,"column":29}},"loc":{"start":{"line":54,"column":29},"end":{"line":60,"column":3}}},"8":{"name":"(anonymous_9)","decl":{"start":{"line":55,"column":11},"end":{"line":55,"column":12}},"loc":{"start":{"line":55,"column":72},"end":{"line":59,"column":5}}},"9":{"name":"(anonymous_10)","decl":{"start":{"line":62,"column":10},"end":{"line":62,"column":28}},"loc":{"start":{"line":62,"column":83},"end":{"line":94,"column":3}}},"10":{"name":"(anonymous_11)","decl":{"start":{"line":63,"column":15},"end":{"line":63,"column":16}},"loc":{"start":{"line":63,"column":70},"end":{"line":65,"column":5}}},"11":{"name":"(anonymous_12)","decl":{"start":{"line":96,"column":10},"end":{"line":96,"column":24}},"loc":{"start":{"line":96,"column":71},"end":{"line":106,"column":3}}},"12":{"name":"(anonymous_13)","decl":{"start":{"line":98,"column":21},"end":{"line":98,"column":22}},"loc":{"start":{"line":98,"column":57},"end":{"line":100,"column":5}}},"13":{"name":"(anonymous_14)","decl":{"start":{"line":101,"column":43},"end":{"line":101,"column":44}},"loc":{"start":{"line":101,"column":56},"end":{"line":104,"column":5}}}},"branchMap":{"0":{"loc":{"start":{"line":20,"column":63},"end":{"line":20,"column":77}},"type":"default-arg","locations":[{"start":{"line":20,"column":63},"end":{"line":20,"column":77}}]},"1":{"loc":{"start":{"line":38,"column":4},"end":{"line":38,"column":32}},"type":"if","locations":[{"start":{"line":38,"column":4},"end":{"line":38,"column":32}},{"start":{"line":38,"column":4},"end":{"line":38,"column":32}}]},"2":{"loc":{"start":{"line":66,"column":4},"end":{"line":74,"column":null}},"type":"if","locations":[{"start":{"line":66,"column":4},"end":{"line":74,"column":null}},{"start":{"line":66,"column":4},"end":{"line":74,"column":null}}]},"3":{"loc":{"start":{"line":75,"column":4},"end":{"line":83,"column":null}},"type":"if","locations":[{"start":{"line":75,"column":4},"end":{"line":83,"column":null}},{"start":{"line":75,"column":4},"end":{"line":83,"column":null}}]},"4":{"loc":{"start":{"line":84,"column":4},"end":{"line":93,"column":null}},"type":"if","locations":[{"start":{"line":84,"column":4},"end":{"line":93,"column":null}},{"start":{"line":84,"column":4},"end":{"line":93,"column":null}}]}},"s":{"0":1,"1":1,"2":1,"3":1,"4":1,"5":1,"6":1,"7":2,"8":2,"9":1,"10":1,"11":1,"12":1,"13":1,"14":1,"15":1,"16":0,"17":0,"18":0,"19":0,"20":0,"21":0,"22":0,"23":0,"24":0,"25":0,"26":0,"27":1,"28":0,"29":1,"30":0,"31":0,"32":1,"33":0,"34":0,"35":1,"36":0,"37":0,"38":1,"39":1,"40":0,"41":1,"42":0,"43":0,"44":1,"45":1,"46":1},"f":{"0":2,"1":1,"2":0,"3":0,"4":0,"5":0,"6":0,"7":0,"8":0,"9":1,"10":0,"11":1,"12":0,"13":0},"b":{"0":[2],"1":[0,0],"2":[0,1],"3":[0,1],"4":[0,1]}}
,"/Users/benbarron/Desktop/express-oauth2-client/src/utils.ts": {"path":"/Users/benbarron/Desktop/express-oauth2-client/src/utils.ts","statementMap":{"0":{"start":{"line":1,"column":26},"end":{"line":30,"column":1}},"1":{"start":{"line":2,"column":2},"end":{"line":29,"column":null}},"2":{"start":{"line":3,"column":4},"end":{"line":10,"column":6}},"3":{"start":{"line":11,"column":9},"end":{"line":29,"column":null}},"4":{"start":{"line":12,"column":4},"end":{"line":19,"column":6}},"5":{"start":{"line":20,"column":9},"end":{"line":29,"column":null}},"6":{"start":{"line":21,"column":4},"end":{"line":28,"column":6}},"7":{"start":{"line":1,"column":13},"end":{"line":1,"column":26}}},"fnMap":{"0":{"name":"(anonymous_0)","decl":{"start":{"line":1,"column":26},"end":{"line":1,"column":27}},"loc":{"start":{"line":1,"column":40},"end":{"line":30,"column":1}}}},"branchMap":{"0":{"loc":{"start":{"line":2,"column":2},"end":{"line":29,"column":null}},"type":"if","locations":[{"start":{"line":2,"column":2},"end":{"line":29,"column":null}},{"start":{"line":2,"column":2},"end":{"line":29,"column":null}}]},"1":{"loc":{"start":{"line":11,"column":9},"end":{"line":29,"column":null}},"type":"if","locations":[{"start":{"line":11,"column":9},"end":{"line":29,"column":null}},{"start":{"line":11,"column":9},"end":{"line":29,"column":null}}]},"2":{"loc":{"start":{"line":20,"column":9},"end":{"line":29,"column":null}},"type":"if","locations":[{"start":{"line":20,"column":9},"end":{"line":29,"column":null}},{"start":{"line":20,"column":9},"end":{"line":29,"column":null}}]}},"s":{"0":1,"1":0,"2":0,"3":0,"4":0,"5":0,"6":0,"7":1},"f":{"0":0},"b":{"0":[0,0],"1":[0,0],"2":[0,0]}}
}
