TN:
SF:src/client.ts
FN:20,(anonymous_1)
FN:25,(anonymous_2)
FN:32,(anonymous_3)
FN:37,(anonymous_4)
FN:42,(anonymous_5)
FN:46,(anonymous_6)
FN:50,(anonymous_7)
FN:54,(anonymous_8)
FN:55,(anonymous_9)
FN:62,(anonymous_10)
FN:63,(anonymous_11)
FN:96,(anonymous_12)
FN:98,(anonymous_13)
FN:101,(anonymous_14)
FNF:14
FNH:4
FNDA:2,(anonymous_1)
FNDA:1,(anonymous_2)
FNDA:0,(anonymous_3)
FNDA:0,(anonymous_4)
FNDA:0,(anonymous_5)
FNDA:0,(anonymous_6)
FNDA:0,(anonymous_7)
FNDA:0,(anonymous_8)
FNDA:0,(anonymous_9)
FNDA:1,(anonymous_10)
FNDA:0,(anonymous_11)
FNDA:1,(anonymous_12)
FNDA:0,(anonymous_13)
FNDA:0,(anonymous_14)
DA:1,1
DA:2,1
DA:3,1
DA:4,1
DA:7,1
DA:8,1
DA:10,1
DA:16,1
DA:21,2
DA:22,2
DA:26,1
DA:27,1
DA:28,1
DA:29,1
DA:30,1
DA:31,1
DA:32,1
DA:33,0
DA:38,0
DA:39,0
DA:43,0
DA:47,0
DA:51,0
DA:55,0
DA:56,0
DA:57,0
DA:58,0
DA:63,1
DA:64,0
DA:66,1
DA:67,0
DA:73,0
DA:75,1
DA:76,0
DA:82,0
DA:84,1
DA:85,0
DA:92,0
DA:97,1
DA:98,1
DA:99,0
DA:101,1
DA:102,0
DA:103,0
DA:105,1
DA:109,1
LF:46
LH:26
BRDA:20,0,0,2
BRDA:38,1,0,0
BRDA:38,1,1,0
BRDA:66,2,0,0
BRDA:66,2,1,1
BRDA:75,3,0,0
BRDA:75,3,1,1
BRDA:84,4,0,0
BRDA:84,4,1,1
BRF:9
BRH:4
end_of_record
TN:
SF:src/utils.ts
FN:1,(anonymous_0)
FNF:1
FNH:0
FNDA:0,(anonymous_0)
DA:1,1
DA:2,0
DA:3,0
DA:11,0
DA:12,0
DA:20,0
DA:21,0
LF:7
LH:1
BRDA:2,0,0,0
BRDA:2,0,1,0
BRDA:11,1,0,0
BRDA:11,1,1,0
BRDA:20,2,0,0
BRDA:20,2,1,0
BRF:6
BRH:0
end_of_record
